[2023-11-26 20:09:36] [ INFO ] [ClinicaOdontologicaProyectoApplication:15] logeando
[2023-11-26 20:09:52] [ INFO ] [ClinicaOdontologicaProyectoApplication:15] logeando
[2023-11-26 21:51:47] [ INFO ] [ClinicaOdontologicaProyectoApplication:13] Iniciando Logger desde main
[2023-11-26 23:52:40] [ INFO ] [ClinicaOdontologicaProyectoApplication:13] Iniciando Logger desde main
[2023-11-27 17:10:07] [ INFO ] [OdontologoServiceTest:35] Iniciando test de Actualizar
[2023-11-27 17:10:08] [ INFO ] [OdontologoServiceTest:23] Iniciando test de Guardado
[2023-11-27 17:10:08] [ INFO ] [OdontologoServiceTest:60] Iniciando test de Eliminar
[2023-11-27 17:41:12] [ INFO ] [OdontologoServiceTest:35] Iniciando test de Actualizar
[2023-11-27 17:41:13] [ INFO ] [OdontologoServiceTest:23] Iniciando test de Guardado
[2023-11-27 17:41:13] [ INFO ] [OdontologoServiceTest:60] Iniciando test de Eliminar
[2023-11-27 17:41:21] [ INFO ] [ClinicaOdontologicaProyectoApplication:13] Iniciando Logger desde main
[2023-11-27 17:46:32] [ INFO ] [ClinicaOdontologicaProyectoApplication:13] Iniciando Logger desde main
[2023-11-27 20:40:14] [ INFO ] [ClinicaOdontologicaProyectoApplication:12] Iniciando Logger desde main
[2023-11-27 20:52:24] [ INFO ] [ClinicaOdontologicaProyectoApplication:12] Iniciando Logger desde main
[2023-11-27 20:54:05] [ INFO ] [ClinicaOdontologicaProyectoApplication:12] Iniciando Logger desde main
[2023-11-27 20:55:27] [ INFO ] [ClinicaOdontologicaProyectoApplication:12] Iniciando Logger desde main
[2023-11-27 20:57:35] [ INFO ] [ClinicaOdontologicaProyectoApplication:12] Iniciando Logger desde main
[2023-11-27 21:18:02] [ INFO ] [ClinicaOdontologicaProyectoApplication:12] Iniciando Logger desde main
[2023-11-27 21:34:45] [ INFO ] [ClinicaOdontologicaProyectoApplication:12] Iniciando Logger desde main
[2023-11-27 21:36:47] [ INFO ] [ClinicaOdontologicaProyectoApplication:12] Iniciando Logger desde main
[2023-11-27 21:49:46] [ INFO ] [ClinicaOdontologicaProyectoApplication:12] Iniciando Logger desde main
[2023-11-27 21:52:56] [ INFO ] [ClinicaOdontologicaProyectoApplication:12] Iniciando Logger desde main
[2023-11-27 21:55:04] [ INFO ] [ClinicaOdontologicaProyectoApplication:12] Iniciando Logger desde main
[2023-11-27 21:59:56] [ INFO ] [ClinicaOdontologicaProyectoApplication:12] Iniciando Logger desde main
[2023-11-27 22:01:42] [ INFO ] [ClinicaOdontologicaProyectoApplication:12] Iniciando Logger desde main
[2023-11-27 22:08:18] [ INFO ] [ClinicaOdontologicaProyectoApplication:12] Iniciando Logger desde main
[2023-11-27 22:10:49] [ INFO ] [ClinicaOdontologicaProyectoApplication:12] Iniciando Logger desde main
[2023-11-27 22:13:02] [ INFO ] [ClinicaOdontologicaProyectoApplication:12] Iniciando Logger desde main
[2023-11-27 22:13:49] [ INFO ] [ClinicaOdontologicaProyectoApplication:12] Iniciando Logger desde main
[2023-11-27 22:39:31] [ INFO ] [ClinicaOdontologicaProyectoApplication:12] Iniciando Logger desde main
[2023-11-27 22:57:21] [ INFO ] [ClinicaOdontologicaProyectoApplication:12] Iniciando Logger desde main
[2023-11-27 22:59:02] [ INFO ] [ClinicaOdontologicaProyectoApplication:12] Iniciando Logger desde main
[2023-11-27 22:59:33] [ INFO ] [ClinicaOdontologicaProyectoApplication:12] Iniciando Logger desde main
[2023-11-27 23:00:37] [ INFO ] [ClinicaOdontologicaProyectoApplication:12] Iniciando Logger desde main
[2023-11-27 23:02:42] [ INFO ] [ClinicaOdontologicaProyectoApplication:12] Iniciando Logger desde main
[2023-11-27 23:07:01] [ INFO ] [ClinicaOdontologicaProyectoApplication:12] Iniciando Logger desde main
[2023-11-28 18:37:37] [ INFO ] [ClinicaOdontologicaProyectoApplication:12] Iniciando Logger desde main
[2023-11-28 18:48:01] [ INFO ] [ClinicaOdontologicaProyectoApplication:12] Iniciando Logger desde main
[2023-11-28 18:49:39] [ INFO ] [ClinicaOdontologicaProyectoApplication:12] Iniciando Logger desde main
[2023-11-28 18:52:03] [ INFO ] [ClinicaOdontologicaProyectoApplication:12] Iniciando Logger desde main
[2023-11-28 18:53:55] [ INFO ] [ClinicaOdontologicaProyectoApplication:12] Iniciando Logger desde main
[2023-11-28 19:15:20] [ INFO ] [ClinicaOdontologicaProyectoApplication:12] Iniciando Logger desde main
[2023-11-28 19:18:24] [ INFO ] [ClinicaOdontologicaProyectoApplication:12] Iniciando Logger desde main
[2023-11-28 21:06:31] [ INFO ] [ClinicaOdontologicaProyectoApplication:12] Iniciando Logger desde main
[2023-11-28 21:08:51] [ INFO ] [ClinicaOdontologicaProyectoApplication:12] Iniciando Logger desde main
[2023-11-28 21:50:29] [ INFO ] [ClinicaOdontologicaProyectoApplication:12] Iniciando Logger desde main
[2023-11-28 22:05:39] [ INFO ] [ClinicaOdontologicaProyectoApplication:12] Iniciando Logger desde main
[2023-11-28 22:09:28] [ INFO ] [ClinicaOdontologicaProyectoApplication:12] Iniciando Logger desde main
[2023-11-28 22:21:29] [ INFO ] [ClinicaOdontologicaProyectoApplication:12] Iniciando Logger desde main
[2023-11-28 22:30:25] [ INFO ] [ClinicaOdontologicaProyectoApplication:12] Iniciando Logger desde main
[2023-11-28 22:38:01] [ INFO ] [ClinicaOdontologicaProyectoApplication:12] Iniciando Logger desde main
[2023-11-28 22:39:08] [ INFO ] [ClinicaOdontologicaProyectoApplication:12] Iniciando Logger desde main
[2023-11-28 22:40:00] [ INFO ] [ClinicaOdontologicaProyectoApplication:12] Iniciando Logger desde main
[2023-11-28 22:41:03] [ INFO ] [ClinicaOdontologicaProyectoApplication:12] Iniciando Logger desde main
[2023-11-28 22:41:37] [ INFO ] [ClinicaOdontologicaProyectoApplication:12] Iniciando Logger desde main
[2023-11-29 17:40:04] [ INFO ] [ClinicaOdontologicaProyectoApplication:12] Iniciando Logger desde main
[2023-11-29 17:44:54] [ INFO ] [ClinicaOdontologicaProyectoApplication:12] Iniciando Logger desde main
[2023-11-29 18:08:16] [ INFO ] [ClinicaOdontologicaProyectoApplication:12] Iniciando Logger desde main
[2023-11-29 18:08:55] [ INFO ] [ClinicaOdontologicaProyectoApplication:12] Iniciando Logger desde main
[2023-11-29 18:10:05] [ INFO ] [ClinicaOdontologicaProyectoApplication:12] Iniciando Logger desde main
[2023-11-29 18:11:05] [ INFO ] [ClinicaOdontologicaProyectoApplication:12] Iniciando Logger desde main
[2023-11-29 18:15:31] [ INFO ] [ClinicaOdontologicaProyectoApplication:12] Iniciando Logger desde main
[2023-11-29 18:25:47] [ INFO ] [ClinicaOdontologicaProyectoApplication:12] Iniciando Logger desde main
[2023-11-29 18:26:42] [ INFO ] [ClinicaOdontologicaProyectoApplication:12] Iniciando Logger desde main
[2023-11-29 18:32:06] [ INFO ] [ClinicaOdontologicaProyectoApplication:12] Iniciando Logger desde main
[2023-11-29 18:35:08] [ INFO ] [ClinicaOdontologicaProyectoApplication:12] Iniciando Logger desde main
[2023-11-29 18:41:54] [ INFO ] [ClinicaOdontologicaProyectoApplication:12] Iniciando Logger desde main
[2023-11-29 18:47:40] [ INFO ] [ClinicaOdontologicaProyectoApplication:12] Iniciando Logger desde main
[2023-11-29 18:50:13] [ INFO ] [ClinicaOdontologicaProyectoApplication:12] Iniciando Logger desde main
[2023-11-29 18:51:50] [ INFO ] [ClinicaOdontologicaProyectoApplication:12] Iniciando Logger desde main
[2023-11-29 18:52:50] [ INFO ] [ClinicaOdontologicaProyectoApplication:12] Iniciando Logger desde main
[2023-11-29 18:54:08] [ INFO ] [ClinicaOdontologicaProyectoApplication:12] Iniciando Logger desde main
[2023-11-29 18:55:41] [ INFO ] [ClinicaOdontologicaProyectoApplication:12] Iniciando Logger desde main
[2023-11-29 19:52:41] [ INFO ] [PacienteServiceTest:29] Iniciando test de Guardado
[2023-11-29 19:54:17] [ INFO ] [OdontologoServiceTest:28] Iniciando test de Guardado
[2023-11-29 19:56:58] [ INFO ] [PacienteServiceTest:29] Iniciando test de Guardado
[2023-11-29 19:58:47] [ INFO ] [PacienteServiceTest:29] Iniciando test de Guardado
[2023-11-29 19:59:42] [ INFO ] [PacienteServiceTest:29] Iniciando test de Guardado
[2023-11-29 20:06:30] [ INFO ] [PacienteServiceTest:29] Iniciando test de Guardado
[2023-11-29 20:09:17] [ INFO ] [PacienteServiceTest:29] Iniciando test de Guardado
[2023-11-29 20:09:17] [ INFO ] [PacienteServiceTest:41] paciete {}:
java.lang.Throwable: err
	at com.clinicaOdontologicaProyecto.clinicaOdontologicaProyecto.service.PacienteServiceTest.guardarPaciente(PacienteServiceTest.java:41)
	at java.base/jdk.internal.reflect.DirectMethodHandleAccessor.invoke(DirectMethodHandleAccessor.java:103)
	at java.base/java.lang.reflect.Method.invoke(Method.java:580)
	at org.junit.platform.commons.util.ReflectionUtils.invokeMethod(ReflectionUtils.java:725)
	at org.junit.jupiter.engine.execution.MethodInvocation.proceed(MethodInvocation.java:60)
	at org.junit.jupiter.engine.execution.InvocationInterceptorChain$ValidatingInvocation.proceed(InvocationInterceptorChain.java:131)
	at org.junit.jupiter.engine.extension.TimeoutExtension.intercept(TimeoutExtension.java:149)
	at org.junit.jupiter.engine.extension.TimeoutExtension.interceptTestableMethod(TimeoutExtension.java:140)
	at org.junit.jupiter.engine.extension.TimeoutExtension.interceptTestMethod(TimeoutExtension.java:84)
	at org.junit.jupiter.engine.execution.ExecutableInvoker$ReflectiveInterceptorCall.lambda$ofVoidMethod$0(ExecutableInvoker.java:115)
	at org.junit.jupiter.engine.execution.ExecutableInvoker.lambda$invoke$0(ExecutableInvoker.java:105)
	at org.junit.jupiter.engine.execution.InvocationInterceptorChain$InterceptedInvocation.proceed(InvocationInterceptorChain.java:106)
	at org.junit.jupiter.engine.execution.InvocationInterceptorChain.proceed(InvocationInterceptorChain.java:64)
	at org.junit.jupiter.engine.execution.InvocationInterceptorChain.chainAndInvoke(InvocationInterceptorChain.java:45)
	at org.junit.jupiter.engine.execution.InvocationInterceptorChain.invoke(InvocationInterceptorChain.java:37)
	at org.junit.jupiter.engine.execution.ExecutableInvoker.invoke(ExecutableInvoker.java:104)
	at org.junit.jupiter.engine.execution.ExecutableInvoker.invoke(ExecutableInvoker.java:98)
	at org.junit.jupiter.engine.descriptor.TestMethodTestDescriptor.lambda$invokeTestMethod$7(TestMethodTestDescriptor.java:214)
	at org.junit.platform.engine.support.hierarchical.ThrowableCollector.execute(ThrowableCollector.java:73)
	at org.junit.jupiter.engine.descriptor.TestMethodTestDescriptor.invokeTestMethod(TestMethodTestDescriptor.java:210)
	at org.junit.jupiter.engine.descriptor.TestMethodTestDescriptor.execute(TestMethodTestDescriptor.java:135)
	at org.junit.jupiter.engine.descriptor.TestMethodTestDescriptor.execute(TestMethodTestDescriptor.java:66)
	at org.junit.platform.engine.support.hierarchical.NodeTestTask.lambda$executeRecursively$6(NodeTestTask.java:151)
	at org.junit.platform.engine.support.hierarchical.ThrowableCollector.execute(ThrowableCollector.java:73)
	at org.junit.platform.engine.support.hierarchical.NodeTestTask.lambda$executeRecursively$8(NodeTestTask.java:141)
	at org.junit.platform.engine.support.hierarchical.Node.around(Node.java:137)
	at org.junit.platform.engine.support.hierarchical.NodeTestTask.lambda$executeRecursively$9(NodeTestTask.java:139)
	at org.junit.platform.engine.support.hierarchical.ThrowableCollector.execute(ThrowableCollector.java:73)
	at org.junit.platform.engine.support.hierarchical.NodeTestTask.executeRecursively(NodeTestTask.java:138)
	at org.junit.platform.engine.support.hierarchical.NodeTestTask.execute(NodeTestTask.java:95)
	at java.base/java.util.ArrayList.forEach(ArrayList.java:1596)
	at org.junit.platform.engine.support.hierarchical.SameThreadHierarchicalTestExecutorService.invokeAll(SameThreadHierarchicalTestExecutorService.java:41)
	at org.junit.platform.engine.support.hierarchical.NodeTestTask.lambda$executeRecursively$6(NodeTestTask.java:155)
	at org.junit.platform.engine.support.hierarchical.ThrowableCollector.execute(ThrowableCollector.java:73)
	at org.junit.platform.engine.support.hierarchical.NodeTestTask.lambda$executeRecursively$8(NodeTestTask.java:141)
	at org.junit.platform.engine.support.hierarchical.Node.around(Node.java:137)
	at org.junit.platform.engine.support.hierarchical.NodeTestTask.lambda$executeRecursively$9(NodeTestTask.java:139)
	at org.junit.platform.engine.support.hierarchical.ThrowableCollector.execute(ThrowableCollector.java:73)
	at org.junit.platform.engine.support.hierarchical.NodeTestTask.executeRecursively(NodeTestTask.java:138)
	at org.junit.platform.engine.support.hierarchical.NodeTestTask.execute(NodeTestTask.java:95)
	at java.base/java.util.ArrayList.forEach(ArrayList.java:1596)
	at org.junit.platform.engine.support.hierarchical.SameThreadHierarchicalTestExecutorService.invokeAll(SameThreadHierarchicalTestExecutorService.java:41)
	at org.junit.platform.engine.support.hierarchical.NodeTestTask.lambda$executeRecursively$6(NodeTestTask.java:155)
	at org.junit.platform.engine.support.hierarchical.ThrowableCollector.execute(ThrowableCollector.java:73)
	at org.junit.platform.engine.support.hierarchical.NodeTestTask.lambda$executeRecursively$8(NodeTestTask.java:141)
	at org.junit.platform.engine.support.hierarchical.Node.around(Node.java:137)
	at org.junit.platform.engine.support.hierarchical.NodeTestTask.lambda$executeRecursively$9(NodeTestTask.java:139)
	at org.junit.platform.engine.support.hierarchical.ThrowableCollector.execute(ThrowableCollector.java:73)
	at org.junit.platform.engine.support.hierarchical.NodeTestTask.executeRecursively(NodeTestTask.java:138)
	at org.junit.platform.engine.support.hierarchical.NodeTestTask.execute(NodeTestTask.java:95)
	at org.junit.platform.engine.support.hierarchical.SameThreadHierarchicalTestExecutorService.submit(SameThreadHierarchicalTestExecutorService.java:35)
	at org.junit.platform.engine.support.hierarchical.HierarchicalTestExecutor.execute(HierarchicalTestExecutor.java:57)
	at org.junit.platform.engine.support.hierarchical.HierarchicalTestEngine.execute(HierarchicalTestEngine.java:54)
	at org.junit.platform.launcher.core.EngineExecutionOrchestrator.execute(EngineExecutionOrchestrator.java:107)
	at org.junit.platform.launcher.core.EngineExecutionOrchestrator.execute(EngineExecutionOrchestrator.java:88)
	at org.junit.platform.launcher.core.EngineExecutionOrchestrator.lambda$execute$0(EngineExecutionOrchestrator.java:54)
	at org.junit.platform.launcher.core.EngineExecutionOrchestrator.withInterceptedStreams(EngineExecutionOrchestrator.java:67)
	at org.junit.platform.launcher.core.EngineExecutionOrchestrator.execute(EngineExecutionOrchestrator.java:52)
	at org.junit.platform.launcher.core.DefaultLauncher.execute(DefaultLauncher.java:114)
	at org.junit.platform.launcher.core.DefaultLauncher.execute(DefaultLauncher.java:86)
	at org.junit.platform.launcher.core.DefaultLauncherSession$DelegatingLauncher.execute(DefaultLauncherSession.java:86)
	at org.junit.platform.launcher.core.SessionPerRequestLauncher.execute(SessionPerRequestLauncher.java:53)
	at com.intellij.junit5.JUnit5IdeaTestRunner.startRunnerWithArgs(JUnit5IdeaTestRunner.java:57)
	at com.intellij.rt.junit.IdeaTestRunner$Repeater$1.execute(IdeaTestRunner.java:38)
	at com.intellij.rt.execution.junit.TestsRepeater.repeat(TestsRepeater.java:11)
	at com.intellij.rt.junit.IdeaTestRunner$Repeater.startRunnerWithArgs(IdeaTestRunner.java:35)
	at com.intellij.rt.junit.JUnitStarter.prepareStreamsAndStart(JUnitStarter.java:232)
	at com.intellij.rt.junit.JUnitStarter.main(JUnitStarter.java:55)
[2023-11-29 20:17:10] [ INFO ] [PacienteServiceTest:47] Iniciando test de Actualizar
[2023-11-29 20:23:21] [ INFO ] [PacienteServiceTest:72] Iniciando test de Eliminar
[2023-11-29 20:52:45] [ INFO ] [OdontologoServiceTest:28] Iniciando test de Guardado
[2023-11-29 20:52:45] [ INFO ] [OdontologoServiceTest:41] Iniciando test de Actualizar
[2023-11-29 20:52:45] [ INFO ] [OdontologoServiceTest:67] Iniciando test de Eliminar
[2023-11-29 20:55:51] [ INFO ] [OdontologoServiceTest:41] Iniciando test de Actualizar
[2023-11-29 21:00:45] [ INFO ] [OdontologoServiceTest:41] Iniciando test de Actualizar
[2023-11-29 21:01:18] [ INFO ] [OdontologoServiceTest:67] Iniciando test de Eliminar
[2023-11-29 21:01:45] [ INFO ] [OdontologoServiceTest:28] Iniciando test de Guardado
[2023-11-29 21:01:46] [ INFO ] [OdontologoServiceTest:41] Iniciando test de Actualizar
[2023-11-29 21:01:46] [ INFO ] [OdontologoServiceTest:67] Iniciando test de Eliminar
[2023-11-29 21:12:14] [ INFO ] [OdontologoServiceTest:28] Iniciando test de Guardado
[2023-11-29 21:12:15] [ INFO ] [OdontologoServiceTest:41] Iniciando test de Actualizar
[2023-11-29 21:12:15] [ INFO ] [OdontologoServiceTest:67] Iniciando test de Eliminar
[2023-11-29 21:13:09] [ INFO ] [ClinicaOdontologicaProyectoApplication:12] Iniciando Logger desde main
[2023-11-29 21:42:10] [ INFO ] [OdontologoServiceTest:41] Iniciando test de Actualizar
[2023-11-29 21:42:59] [ INFO ] [OdontologoServiceTest:41] Iniciando test de Actualizar
[2023-11-29 21:44:38] [ INFO ] [OdontologoServiceTest:41] Iniciando test de Actualizar
[2023-11-29 21:47:16] [ INFO ] [OdontologoServiceTest:41] Iniciando test de Actualizar
[2023-11-29 21:49:16] [ INFO ] [ClinicaOdontologicaProyectoApplication:12] Iniciando Logger desde main
[2023-11-29 21:52:39] [ INFO ] [OdontologoServiceTest:41] Iniciando test de Actualizar
[2023-11-29 21:54:07] [ INFO ] [OdontologoServiceTest:41] Iniciando test de Actualizar
[2023-11-29 21:56:37] [ INFO ] [OdontologoServiceTest:41] Iniciando test de Actualizar
[2023-11-29 21:59:03] [ INFO ] [OdontologoServiceTest:41] Iniciando test de Actualizar
[2023-11-29 22:04:20] [ INFO ] [OdontologoServiceTest:41] Iniciando test de Actualizar
[2023-11-29 22:12:21] [ INFO ] [OdontologoServiceTest:28] Iniciando test de Guardado
[2023-11-29 22:12:21] [ INFO ] [OdontologoServiceTest:41] Iniciando test de Actualizar
[2023-11-29 22:12:21] [ INFO ] [OdontologoServiceTest:64] Iniciando test de Eliminar
[2023-11-29 22:14:16] [ INFO ] [OdontologoServiceTest:28] Iniciando test de Guardado
[2023-11-29 22:14:16] [ INFO ] [OdontologoServiceTest:41] Iniciando test de Actualizar
[2023-11-29 22:14:16] [ INFO ] [OdontologoServiceTest:64] Iniciando test de Eliminar
[2023-11-29 22:15:57] [ INFO ] [OdontologoServiceTest:28] Iniciando test de Guardado
[2023-11-29 22:15:57] [ INFO ] [OdontologoServiceTest:41] Iniciando test de Actualizar
[2023-11-29 22:15:57] [ INFO ] [OdontologoServiceTest:64] Iniciando test de Eliminar
[2023-11-29 22:16:45] [ INFO ] [PacienteServiceTest:30] Iniciando test de Guardado
[2023-11-29 22:16:46] [ INFO ] [PacienteServiceTest:47] Iniciando test de Actualizar
[2023-11-29 22:16:46] [ INFO ] [PacienteServiceTest:72] Iniciando test de Eliminar
[2023-11-29 22:17:45] [ INFO ] [PacienteServiceTest:47] Iniciando test de Actualizar
[2023-11-29 22:18:12] [ INFO ] [PacienteServiceTest:30] Iniciando test de Guardado
[2023-11-29 22:18:25] [ INFO ] [PacienteServiceTest:30] Iniciando test de Guardado
[2023-11-29 22:18:25] [ INFO ] [PacienteServiceTest:47] Iniciando test de Actualizar
[2023-11-29 22:18:25] [ INFO ] [PacienteServiceTest:72] Iniciando test de Eliminar
[2023-11-29 22:23:37] [ INFO ] [PacienteServiceTest:30] Iniciando test de Guardado
[2023-11-29 22:23:37] [ INFO ] [PacienteServiceTest:47] Iniciando test de Actualizar
[2023-11-29 22:23:37] [ INFO ] [PacienteServiceTest:72] Iniciando test de Eliminar
[2023-11-29 22:24:29] [ INFO ] [PacienteServiceTest:30] Iniciando test de Guardado
[2023-11-29 22:24:30] [ INFO ] [PacienteServiceTest:47] Iniciando test de Actualizar
[2023-11-29 22:24:30] [ INFO ] [PacienteServiceTest:72] Iniciando test de Eliminar
[2023-11-29 22:25:22] [ INFO ] [PacienteServiceTest:30] Iniciando test de Guardado
[2023-11-29 22:25:22] [ INFO ] [PacienteServiceTest:47] Iniciando test de Actualizar
[2023-11-29 22:25:22] [ INFO ] [PacienteServiceTest:72] Iniciando test de Eliminar
[2023-11-29 22:28:32] [ INFO ] [PacienteServiceTest:30] Iniciando test de Guardado
[2023-11-29 22:28:32] [ INFO ] [PacienteServiceTest:47] Iniciando test de Actualizar
[2023-11-29 22:28:32] [ INFO ] [PacienteServiceTest:72] Iniciando test de Eliminar
[2023-11-29 22:29:41] [ INFO ] [OdontologoServiceTest:28] Iniciando test de Guardado
[2023-11-29 22:29:41] [ INFO ] [OdontologoServiceTest:41] Iniciando test de Actualizar
[2023-11-29 22:29:41] [ INFO ] [OdontologoServiceTest:64] Iniciando test de Eliminar
[2023-11-29 23:04:10] [ INFO ] [TurnoServiceTest:40] Iniciando test de Turno
[2023-11-29 23:08:04] [ INFO ] [TurnoServiceTest:43] Iniciando test de Turno
[2023-11-30 19:20:26] [ INFO ] [TurnoServiceTest:43] Iniciando test de Turno
[2023-11-30 19:24:28] [ INFO ] [ClinicaOdontologicaProyectoApplication:12] Iniciando Logger desde main
[2023-11-30 19:33:55] [ INFO ] [ClinicaOdontologicaProyectoApplication:12] Iniciando Logger desde main
[2023-11-30 19:37:10] [ INFO ] [ClinicaOdontologicaProyectoApplication:12] Iniciando Logger desde main
[2023-11-30 19:39:21] [ INFO ] [ClinicaOdontologicaProyectoApplication:12] Iniciando Logger desde main
[2023-11-30 19:40:28] [ INFO ] [ClinicaOdontologicaProyectoApplication:12] Iniciando Logger desde main
[2023-11-30 19:41:18] [ INFO ] [ClinicaOdontologicaProyectoApplication:12] Iniciando Logger desde main
[2023-11-30 19:47:32] [ INFO ] [ClinicaOdontologicaProyectoApplication:12] Iniciando Logger desde main
[2023-11-30 19:51:00] [ INFO ] [ClinicaOdontologicaProyectoApplication:12] Iniciando Logger desde main
[2023-11-30 19:52:53] [ INFO ] [ClinicaOdontologicaProyectoApplication:12] Iniciando Logger desde main
[2023-11-30 19:59:27] [ INFO ] [ClinicaOdontologicaProyectoApplication:12] Iniciando Logger desde main
[2023-11-30 20:03:48] [ INFO ] [ClinicaOdontologicaProyectoApplication:12] Iniciando Logger desde main
[2023-11-30 20:05:19] [ INFO ] [ClinicaOdontologicaProyectoApplication:12] Iniciando Logger desde main
[2023-11-30 20:06:08] [ INFO ] [ClinicaOdontologicaProyectoApplication:12] Iniciando Logger desde main
[2023-11-30 20:07:44] [ INFO ] [ClinicaOdontologicaProyectoApplication:12] Iniciando Logger desde main
[2023-11-30 20:11:56] [ INFO ] [ClinicaOdontologicaProyectoApplication:12] Iniciando Logger desde main
[2023-11-30 20:13:45] [ INFO ] [ClinicaOdontologicaProyectoApplication:12] Iniciando Logger desde main
[2023-11-30 20:15:54] [ INFO ] [ClinicaOdontologicaProyectoApplication:12] Iniciando Logger desde main
[2023-11-30 20:21:14] [ INFO ] [ClinicaOdontologicaProyectoApplication:12] Iniciando Logger desde main
[2023-11-30 20:32:24] [ INFO ] [ClinicaOdontologicaProyectoApplication:12] Iniciando Logger desde main
[2023-11-30 20:34:03] [ INFO ] [ClinicaOdontologicaProyectoApplication:12] Iniciando Logger desde main
[2023-11-30 20:38:55] [ INFO ] [ClinicaOdontologicaProyectoApplication:12] Iniciando Logger desde main
[2023-11-30 20:43:10] [ INFO ] [ClinicaOdontologicaProyectoApplication:12] Iniciando Logger desde main
[2023-11-30 20:46:08] [ INFO ] [ClinicaOdontologicaProyectoApplication:12] Iniciando Logger desde main
[2023-11-30 20:47:29] [ INFO ] [ClinicaOdontologicaProyectoApplication:12] Iniciando Logger desde main
[2023-11-30 20:48:09] [ INFO ] [ClinicaOdontologicaProyectoApplication:12] Iniciando Logger desde main
[2023-11-30 20:53:51] [ INFO ] [ClinicaOdontologicaProyectoApplication:12] Iniciando Logger desde main
[2023-11-30 20:57:03] [ INFO ] [ClinicaOdontologicaProyectoApplication:12] Iniciando Logger desde main
[2023-11-30 20:59:30] [ INFO ] [ClinicaOdontologicaProyectoApplication:12] Iniciando Logger desde main
[2023-11-30 21:00:29] [ INFO ] [ClinicaOdontologicaProyectoApplication:12] Iniciando Logger desde main
